2024-05-01 14:04:16,883:INFO:PyCaret Supervised Module
2024-05-01 14:04:16,883:INFO:ML Usecase: regression
2024-05-01 14:04:16,884:INFO:version 2.3.10
2024-05-01 14:04:16,884:INFO:Initializing setup()
2024-05-01 14:04:16,884:INFO:setup(target=value, ml_usecase=regression, available_plots={'parameter': 'Hyperparameters', 'residuals': 'Residuals', 'error': 'Prediction Error', 'cooks': 'Cooks Distance', 'rfe': 'Feature Selection', 'learning': 'Learning Curve', 'manifold': 'Manifold Learning', 'vc': 'Validation Curve', 'feature': 'Feature Importance', 'feature_all': 'Feature Importance (All)', 'tree': 'Decision Tree', 'residuals_interactive': 'Interactive Residuals'}, train_size=0.8, test_data=None, preprocess=True, imputation_type=simple, iterative_imputation_iters=5, categorical_features=None, categorical_imputation=constant, categorical_iterative_imputer=lightgbm, ordinal_features=None, high_cardinality_features=None, high_cardinality_method=frequency, numeric_features=['index.num', 'year', 'quarter', 'month', 'mday', 'week', 'wday'], numeric_imputation=mean, numeric_iterative_imputer=lightgbm, date_features=None, ignore_features=None, normalize=False, normalize_method=zscore, transformation=False, transformation_method=yeo-johnson, handle_unknown_categorical=True, unknown_categorical_method=least_frequent, pca=False, pca_method=linear, pca_components=None, ignore_low_variance=False, combine_rare_levels=False, rare_level_threshold=0.1, bin_numeric_features=None, remove_outliers=False, outliers_threshold=0.05, remove_multicollinearity=False, multicollinearity_threshold=0.9, remove_perfect_collinearity=True, create_clusters=False, cluster_iter=20, polynomial_features=False, polynomial_degree=2, trigonometry_features=False, polynomial_threshold=0.1, group_features=None, group_names=None, feature_selection=False, feature_selection_threshold=0.8, feature_selection_method=classic, feature_interaction=False, feature_ratio=False, interaction_threshold=0.01, fix_imbalance=False, fix_imbalance_method=None, transform_target=False, transform_target_method=box-cox, data_split_shuffle=True, data_split_stratify=False, fold_strategy=kfold, fold=10, fold_shuffle=False, fold_groups=None, n_jobs=-1, use_gpu=False, custom_pipeline=None, html=True, session_id=123, log_experiment=False, experiment_name=None, experiment_custom_tags=None, log_plots=False, log_profile=False, log_data=False, silent=True, verbose=True, profile=False, profile_kwargs=None, display=None)
2024-05-01 14:04:16,886:INFO:Checking environment
2024-05-01 14:04:16,886:INFO:python_version: 3.7.12
2024-05-01 14:04:16,886:INFO:python_build: ('default', 'Oct 26 2021 05:35:01')
2024-05-01 14:04:16,887:INFO:machine: AMD64
2024-05-01 14:04:16,887:INFO:platform: Windows-10-10.0.19041-SP0
2024-05-01 14:04:16,887:INFO:Memory: svmem(total=17032478720, available=7780818944, percent=54.3, used=9251659776, free=7780818944)
2024-05-01 14:04:16,887:INFO:Physical Core: 2
2024-05-01 14:04:16,887:INFO:Logical Core: 4
2024-05-01 14:04:16,887:INFO:Checking libraries
2024-05-01 14:04:16,888:INFO:pd==1.3.5
2024-05-01 14:04:16,888:INFO:numpy==1.20.3
2024-05-01 14:04:16,888:INFO:sklearn==0.23.2
2024-05-01 14:04:16,888:INFO:lightgbm==3.2.1
2024-05-01 14:04:17,755:INFO:catboost==1.1.1
2024-05-01 14:04:17,755:INFO:xgboost==1.6.2
2024-05-01 14:04:17,755:INFO:mlflow==1.26.1
2024-05-01 14:04:17,755:INFO:Checking Exceptions
2024-05-01 14:04:17,755:INFO:Declaring global variables
2024-05-01 14:04:17,755:INFO:USI: f37d
2024-05-01 14:04:17,755:INFO:pycaret_globals: {'fold_groups_param_full', 'dashboard_logger', 'fold_param', '_ml_usecase', 'create_model_container', 'X_train', 'log_plots_param', 'fold_groups_param', '_all_models_internal', 'logging_param', 'fix_imbalance_param', 'pycaret_globals', 'y_test', 'X_test', '_internal_pipeline', 'fold_shuffle_param', 'experiment__', 'target_param', 'master_model_container', 'y', '_all_models', 'n_jobs_param', 'transform_target_param', 'fold_generator', 'transform_target_method_param', 'seed', '_all_metrics', 'imputation_classifier', '_gpu_n_jobs_param', 'display_container', 'iterative_imputation_iters_param', 'prep_pipe', 'stratify_param', 'y_train', 'exp_name_log', '_available_plots', 'html_param', 'gpu_param', 'X', 'imputation_regressor', 'data_before_preprocess', 'USI', 'fix_imbalance_method_param'}
2024-05-01 14:04:17,755:INFO:Preparing display monitor
2024-05-01 14:04:17,755:INFO:Preparing display monitor
2024-05-01 14:04:17,772:INFO:Importing libraries
2024-05-01 14:04:17,772:INFO:Copying data for preprocessing
2024-05-01 14:04:17,805:INFO:Declaring preprocessing parameters
2024-05-01 14:04:17,808:INFO:Creating preprocessing pipeline
2024-05-01 14:04:17,813:INFO:Preprocessing pipeline created successfully
2024-05-01 14:04:17,813:ERROR:(Process Exit): setup has been interupted with user command 'quit'. setup must rerun.
2024-05-01 14:04:17,814:INFO:Creating global containers
2024-05-01 14:04:17,823:INFO:Internal pipeline: Pipeline(memory=None, steps=[('empty_step', 'passthrough')], verbose=False)
2024-05-01 14:04:19,128:INFO:Creating grid variables
2024-05-01 14:04:19,164:INFO:create_model_container: 0
2024-05-01 14:04:19,164:INFO:master_model_container: 0
2024-05-01 14:04:19,165:INFO:display_container: 1
2024-05-01 14:04:19,190:INFO:Pipeline(memory=None,
         steps=[('dtypes',
                 DataTypes_Auto_infer(categorical_features=[],
                                      display_types=False, features_todrop=[],
                                      id_columns=[], ml_usecase='regression',
                                      numerical_features=['index.num', 'year',
                                                          'quarter', 'month',
                                                          'mday', 'week',
                                                          'wday'],
                                      target='value', time_features=[])),
                ('imputer',
                 Simple_Imputer(categorical_strategy='not_available',
                                fill_value_cat...
                ('scaling', 'passthrough'), ('P_transform', 'passthrough'),
                ('binn', 'passthrough'), ('rem_outliers', 'passthrough'),
                ('cluster_all', 'passthrough'),
                ('dummy', Dummify(target='value')),
                ('fix_perfect', Remove_100(target='value')),
                ('clean_names', Clean_Colum_Names()),
                ('feature_select', 'passthrough'), ('fix_multi', 'passthrough'),
                ('dfs', 'passthrough'), ('pca', 'passthrough')],
         verbose=False)
2024-05-01 14:04:19,191:INFO:setup() succesfully completed......................................
2024-05-01 14:04:30,206:INFO:Initializing create_model()
2024-05-01 14:04:30,206:INFO:create_model(estimator=xgboost, fold=5, round=4, cross_validation=True, predict=True, fit_kwargs=None, groups=None, refit=True, verbose=True, system=True, metrics=None, experiment_custom_tags=None, add_to_model_list=True, probability_threshold=None, display=None, return_train_score=False, kwargs={'eta': 0.2, 'gamma': 0.1, 'max_depth': 6})
2024-05-01 14:04:30,206:INFO:Checking exceptions
2024-05-01 14:04:30,206:INFO:Preparing display monitor
2024-05-01 14:04:30,255:INFO:Importing libraries
2024-05-01 14:04:30,255:INFO:Copying training dataset
2024-05-01 14:04:30,257:INFO:Defining folds
2024-05-01 14:04:30,258:INFO:Declaring metric variables
2024-05-01 14:04:30,274:INFO:Importing untrained model
2024-05-01 14:04:30,310:INFO:Extreme Gradient Boosting Imported succesfully
2024-05-01 14:04:30,357:INFO:Starting cross validation
2024-05-01 14:04:30,386:INFO:Cross validating with KFold(n_splits=5, random_state=None, shuffle=False), n_jobs=-1
2024-05-01 14:04:41,981:INFO:Calculating mean and std
2024-05-01 14:04:41,982:INFO:Creating metrics dataframe
2024-05-01 14:04:41,996:INFO:Finalizing model
2024-05-01 14:04:42,388:INFO:Uploading results into container
2024-05-01 14:04:42,388:INFO:Uploading model into container now
2024-05-01 14:04:42,419:INFO:create_model_container: 1
2024-05-01 14:04:42,419:INFO:master_model_container: 1
2024-05-01 14:04:42,420:INFO:display_container: 2
2024-05-01 14:04:42,425:INFO:XGBRegressor(base_score=0.5, booster='gbtree', callbacks=None,
             colsample_bylevel=1, colsample_bynode=1, colsample_bytree=1,
             early_stopping_rounds=None, enable_categorical=False, eta=0.2,
             eval_metric=None, gamma=0.1, gpu_id=-1, grow_policy='depthwise',
             importance_type=None, interaction_constraints='',
             learning_rate=0.200000003, max_bin=256, max_cat_to_onehot=4,
             max_delta_step=0, max_depth=6, max_leaves=0, min_child_weight=1,
             missing=nan, monotone_constraints='()', n_estimators=100,
             n_jobs=-1, num_parallel_tree=1, objective='reg:squarederror',
             predictor='auto', random_state=123, ...)
2024-05-01 14:04:42,425:INFO:create_model() succesfully completed......................................
2024-05-01 14:05:42,538:INFO:Initializing create_model()
2024-05-01 14:05:42,539:INFO:create_model(estimator=xgboost, fold=5, round=4, cross_validation=True, predict=True, fit_kwargs=None, groups=None, refit=True, verbose=True, system=True, metrics=None, experiment_custom_tags=None, add_to_model_list=True, probability_threshold=None, display=None, return_train_score=False, kwargs={'eta': 0.2, 'gamma': 0.2, 'max_depth': 6})
2024-05-01 14:05:42,540:INFO:Checking exceptions
2024-05-01 14:05:42,540:INFO:Preparing display monitor
2024-05-01 14:05:42,574:INFO:Importing libraries
2024-05-01 14:05:42,574:INFO:Copying training dataset
2024-05-01 14:05:42,574:INFO:Defining folds
2024-05-01 14:05:42,574:INFO:Declaring metric variables
2024-05-01 14:05:42,590:INFO:Importing untrained model
2024-05-01 14:05:42,658:INFO:Extreme Gradient Boosting Imported succesfully
2024-05-01 14:05:42,714:INFO:Starting cross validation
2024-05-01 14:05:42,717:INFO:Cross validating with KFold(n_splits=5, random_state=None, shuffle=False), n_jobs=-1
2024-05-01 14:05:43,490:INFO:Calculating mean and std
2024-05-01 14:05:43,504:INFO:Creating metrics dataframe
2024-05-01 14:05:43,528:INFO:Finalizing model
2024-05-01 14:05:43,889:INFO:Uploading results into container
2024-05-01 14:05:43,889:INFO:Uploading model into container now
2024-05-01 14:05:43,918:INFO:create_model_container: 2
2024-05-01 14:05:43,919:INFO:master_model_container: 2
2024-05-01 14:05:43,919:INFO:display_container: 3
2024-05-01 14:05:43,927:INFO:XGBRegressor(base_score=0.5, booster='gbtree', callbacks=None,
             colsample_bylevel=1, colsample_bynode=1, colsample_bytree=1,
             early_stopping_rounds=None, enable_categorical=False, eta=0.2,
             eval_metric=None, gamma=0.2, gpu_id=-1, grow_policy='depthwise',
             importance_type=None, interaction_constraints='',
             learning_rate=0.200000003, max_bin=256, max_cat_to_onehot=4,
             max_delta_step=0, max_depth=6, max_leaves=0, min_child_weight=1,
             missing=nan, monotone_constraints='()', n_estimators=100,
             n_jobs=-1, num_parallel_tree=1, objective='reg:squarederror',
             predictor='auto', random_state=123, ...)
2024-05-01 14:05:43,928:INFO:create_model() succesfully completed......................................
2024-05-01 14:05:53,145:INFO:Initializing create_model()
2024-05-01 14:05:53,146:INFO:create_model(estimator=xgboost, fold=5, round=4, cross_validation=True, predict=True, fit_kwargs=None, groups=None, refit=True, verbose=True, system=True, metrics=None, experiment_custom_tags=None, add_to_model_list=True, probability_threshold=None, display=None, return_train_score=False, kwargs={'eta': 0.3, 'gamma': 0.2, 'max_depth': 6})
2024-05-01 14:05:53,147:INFO:Checking exceptions
2024-05-01 14:05:53,147:INFO:Preparing display monitor
2024-05-01 14:05:53,176:INFO:Importing libraries
2024-05-01 14:05:53,176:INFO:Copying training dataset
2024-05-01 14:05:53,176:INFO:Defining folds
2024-05-01 14:05:53,176:INFO:Declaring metric variables
2024-05-01 14:05:53,215:INFO:Importing untrained model
2024-05-01 14:05:53,235:INFO:Extreme Gradient Boosting Imported succesfully
2024-05-01 14:05:53,294:INFO:Starting cross validation
2024-05-01 14:05:53,297:INFO:Cross validating with KFold(n_splits=5, random_state=None, shuffle=False), n_jobs=-1
2024-05-01 14:05:54,055:INFO:Calculating mean and std
2024-05-01 14:05:54,057:INFO:Creating metrics dataframe
2024-05-01 14:05:54,083:INFO:Finalizing model
2024-05-01 14:05:54,512:INFO:Uploading results into container
2024-05-01 14:05:54,512:INFO:Uploading model into container now
2024-05-01 14:05:54,538:INFO:create_model_container: 3
2024-05-01 14:05:54,542:INFO:master_model_container: 3
2024-05-01 14:05:54,542:INFO:display_container: 4
2024-05-01 14:05:54,550:INFO:XGBRegressor(base_score=0.5, booster='gbtree', callbacks=None,
             colsample_bylevel=1, colsample_bynode=1, colsample_bytree=1,
             early_stopping_rounds=None, enable_categorical=False, eta=0.3,
             eval_metric=None, gamma=0.2, gpu_id=-1, grow_policy='depthwise',
             importance_type=None, interaction_constraints='',
             learning_rate=0.300000012, max_bin=256, max_cat_to_onehot=4,
             max_delta_step=0, max_depth=6, max_leaves=0, min_child_weight=1,
             missing=nan, monotone_constraints='()', n_estimators=100,
             n_jobs=-1, num_parallel_tree=1, objective='reg:squarederror',
             predictor='auto', random_state=123, ...)
2024-05-01 14:05:54,551:INFO:create_model() succesfully completed......................................
2024-05-01 14:06:04,478:INFO:Initializing create_model()
2024-05-01 14:06:04,478:INFO:create_model(estimator=xgboost, fold=5, round=4, cross_validation=True, predict=True, fit_kwargs=None, groups=None, refit=True, verbose=True, system=True, metrics=None, experiment_custom_tags=None, add_to_model_list=True, probability_threshold=None, display=None, return_train_score=False, kwargs={'eta': 0.1, 'gamma': 0.3, 'max_depth': 6})
2024-05-01 14:06:04,478:INFO:Checking exceptions
2024-05-01 14:06:04,479:INFO:Preparing display monitor
2024-05-01 14:06:04,517:INFO:Importing libraries
2024-05-01 14:06:04,517:INFO:Copying training dataset
2024-05-01 14:06:04,519:INFO:Defining folds
2024-05-01 14:06:04,519:INFO:Declaring metric variables
2024-05-01 14:06:04,544:INFO:Importing untrained model
2024-05-01 14:06:04,612:INFO:Extreme Gradient Boosting Imported succesfully
2024-05-01 14:06:04,690:INFO:Starting cross validation
2024-05-01 14:06:04,698:INFO:Cross validating with KFold(n_splits=5, random_state=None, shuffle=False), n_jobs=-1
2024-05-01 14:06:05,634:INFO:Calculating mean and std
2024-05-01 14:06:05,635:INFO:Creating metrics dataframe
2024-05-01 14:06:05,659:INFO:Finalizing model
2024-05-01 14:06:06,057:INFO:Uploading results into container
2024-05-01 14:06:06,057:INFO:Uploading model into container now
2024-05-01 14:06:06,091:INFO:create_model_container: 4
2024-05-01 14:06:06,092:INFO:master_model_container: 4
2024-05-01 14:06:06,092:INFO:display_container: 5
2024-05-01 14:06:06,099:INFO:XGBRegressor(base_score=0.5, booster='gbtree', callbacks=None,
             colsample_bylevel=1, colsample_bynode=1, colsample_bytree=1,
             early_stopping_rounds=None, enable_categorical=False, eta=0.1,
             eval_metric=None, gamma=0.3, gpu_id=-1, grow_policy='depthwise',
             importance_type=None, interaction_constraints='',
             learning_rate=0.100000001, max_bin=256, max_cat_to_onehot=4,
             max_delta_step=0, max_depth=6, max_leaves=0, min_child_weight=1,
             missing=nan, monotone_constraints='()', n_estimators=100,
             n_jobs=-1, num_parallel_tree=1, objective='reg:squarederror',
             predictor='auto', random_state=123, ...)
2024-05-01 14:06:06,099:INFO:create_model() succesfully completed......................................
2024-05-01 14:06:12,656:INFO:Initializing create_model()
2024-05-01 14:06:12,656:INFO:create_model(estimator=xgboost, fold=5, round=4, cross_validation=True, predict=True, fit_kwargs=None, groups=None, refit=True, verbose=True, system=True, metrics=None, experiment_custom_tags=None, add_to_model_list=True, probability_threshold=None, display=None, return_train_score=False, kwargs={'eta': 0.1, 'gamma': 0.1, 'max_depth': 6})
2024-05-01 14:06:12,657:INFO:Checking exceptions
2024-05-01 14:06:12,657:INFO:Preparing display monitor
2024-05-01 14:06:12,698:INFO:Importing libraries
2024-05-01 14:06:12,698:INFO:Copying training dataset
2024-05-01 14:06:12,699:INFO:Defining folds
2024-05-01 14:06:12,700:INFO:Declaring metric variables
2024-05-01 14:06:12,728:INFO:Importing untrained model
2024-05-01 14:06:12,762:INFO:Extreme Gradient Boosting Imported succesfully
2024-05-01 14:06:12,870:INFO:Starting cross validation
2024-05-01 14:06:12,875:INFO:Cross validating with KFold(n_splits=5, random_state=None, shuffle=False), n_jobs=-1
2024-05-01 14:06:13,732:INFO:Calculating mean and std
2024-05-01 14:06:13,734:INFO:Creating metrics dataframe
2024-05-01 14:06:13,766:INFO:Finalizing model
2024-05-01 14:06:14,162:INFO:Uploading results into container
2024-05-01 14:06:14,162:INFO:Uploading model into container now
2024-05-01 14:06:14,195:INFO:create_model_container: 5
2024-05-01 14:06:14,195:INFO:master_model_container: 5
2024-05-01 14:06:14,196:INFO:display_container: 6
2024-05-01 14:06:14,201:INFO:XGBRegressor(base_score=0.5, booster='gbtree', callbacks=None,
             colsample_bylevel=1, colsample_bynode=1, colsample_bytree=1,
             early_stopping_rounds=None, enable_categorical=False, eta=0.1,
             eval_metric=None, gamma=0.1, gpu_id=-1, grow_policy='depthwise',
             importance_type=None, interaction_constraints='',
             learning_rate=0.100000001, max_bin=256, max_cat_to_onehot=4,
             max_delta_step=0, max_depth=6, max_leaves=0, min_child_weight=1,
             missing=nan, monotone_constraints='()', n_estimators=100,
             n_jobs=-1, num_parallel_tree=1, objective='reg:squarederror',
             predictor='auto', random_state=123, ...)
2024-05-01 14:06:14,201:INFO:create_model() succesfully completed......................................
2024-05-01 14:07:11,660:INFO:Initializing create_model()
2024-05-01 14:07:11,660:INFO:create_model(estimator=xgboost, fold=5, round=4, cross_validation=True, predict=True, fit_kwargs=None, groups=None, refit=True, verbose=True, system=True, metrics=None, experiment_custom_tags=None, add_to_model_list=True, probability_threshold=None, display=None, return_train_score=False, kwargs={'eta': 0.3, 'gamma': 0.1, 'max_depth': 6})
2024-05-01 14:07:11,660:INFO:Checking exceptions
2024-05-01 14:07:11,660:INFO:Preparing display monitor
2024-05-01 14:07:11,704:INFO:Importing libraries
2024-05-01 14:07:11,704:INFO:Copying training dataset
2024-05-01 14:07:11,705:INFO:Defining folds
2024-05-01 14:07:11,705:INFO:Declaring metric variables
2024-05-01 14:07:11,735:INFO:Importing untrained model
2024-05-01 14:07:11,767:INFO:Extreme Gradient Boosting Imported succesfully
2024-05-01 14:07:11,862:INFO:Starting cross validation
2024-05-01 14:07:11,864:INFO:Cross validating with KFold(n_splits=5, random_state=None, shuffle=False), n_jobs=-1
2024-05-01 14:07:12,741:INFO:Calculating mean and std
2024-05-01 14:07:12,742:INFO:Creating metrics dataframe
2024-05-01 14:07:12,767:INFO:Finalizing model
2024-05-01 14:07:13,165:INFO:Uploading results into container
2024-05-01 14:07:13,165:INFO:Uploading model into container now
2024-05-01 14:07:13,198:INFO:create_model_container: 6
2024-05-01 14:07:13,199:INFO:master_model_container: 6
2024-05-01 14:07:13,199:INFO:display_container: 7
2024-05-01 14:07:13,205:INFO:XGBRegressor(base_score=0.5, booster='gbtree', callbacks=None,
             colsample_bylevel=1, colsample_bynode=1, colsample_bytree=1,
             early_stopping_rounds=None, enable_categorical=False, eta=0.3,
             eval_metric=None, gamma=0.1, gpu_id=-1, grow_policy='depthwise',
             importance_type=None, interaction_constraints='',
             learning_rate=0.300000012, max_bin=256, max_cat_to_onehot=4,
             max_delta_step=0, max_depth=6, max_leaves=0, min_child_weight=1,
             missing=nan, monotone_constraints='()', n_estimators=100,
             n_jobs=-1, num_parallel_tree=1, objective='reg:squarederror',
             predictor='auto', random_state=123, ...)
2024-05-01 14:07:13,205:INFO:create_model() succesfully completed......................................
2024-05-01 14:07:19,962:INFO:Initializing create_model()
2024-05-01 14:07:19,962:INFO:create_model(estimator=xgboost, fold=5, round=4, cross_validation=True, predict=True, fit_kwargs=None, groups=None, refit=True, verbose=True, system=True, metrics=None, experiment_custom_tags=None, add_to_model_list=True, probability_threshold=None, display=None, return_train_score=False, kwargs={'eta': 0.2, 'gamma': 0.1, 'max_depth': 6})
2024-05-01 14:07:19,963:INFO:Checking exceptions
2024-05-01 14:07:19,963:INFO:Preparing display monitor
2024-05-01 14:07:19,995:INFO:Importing libraries
2024-05-01 14:07:19,995:INFO:Copying training dataset
2024-05-01 14:07:19,995:INFO:Defining folds
2024-05-01 14:07:19,995:INFO:Declaring metric variables
2024-05-01 14:07:20,027:INFO:Importing untrained model
2024-05-01 14:07:20,055:INFO:Extreme Gradient Boosting Imported succesfully
2024-05-01 14:07:20,119:INFO:Starting cross validation
2024-05-01 14:07:20,128:INFO:Cross validating with KFold(n_splits=5, random_state=None, shuffle=False), n_jobs=-1
2024-05-01 14:07:20,822:INFO:Calculating mean and std
2024-05-01 14:07:20,822:INFO:Creating metrics dataframe
2024-05-01 14:07:20,856:INFO:Finalizing model
2024-05-01 14:07:21,213:INFO:Uploading results into container
2024-05-01 14:07:21,213:INFO:Uploading model into container now
2024-05-01 14:07:21,245:INFO:create_model_container: 7
2024-05-01 14:07:21,245:INFO:master_model_container: 7
2024-05-01 14:07:21,245:INFO:display_container: 8
2024-05-01 14:07:21,251:INFO:XGBRegressor(base_score=0.5, booster='gbtree', callbacks=None,
             colsample_bylevel=1, colsample_bynode=1, colsample_bytree=1,
             early_stopping_rounds=None, enable_categorical=False, eta=0.2,
             eval_metric=None, gamma=0.1, gpu_id=-1, grow_policy='depthwise',
             importance_type=None, interaction_constraints='',
             learning_rate=0.200000003, max_bin=256, max_cat_to_onehot=4,
             max_delta_step=0, max_depth=6, max_leaves=0, min_child_weight=1,
             missing=nan, monotone_constraints='()', n_estimators=100,
             n_jobs=-1, num_parallel_tree=1, objective='reg:squarederror',
             predictor='auto', random_state=123, ...)
2024-05-01 14:07:21,251:INFO:create_model() succesfully completed......................................
2024-05-01 14:08:40,224:INFO:Initializing plot_model()
2024-05-01 14:08:40,224:INFO:plot_model(fold=None, use_train_data=False, verbose=True, is_in_evaluate=False, display=None, display_format=None, estimator=XGBRegressor(base_score=0.5, booster='gbtree', callbacks=None,
             colsample_bylevel=1, colsample_bynode=1, colsample_bytree=1,
             early_stopping_rounds=None, enable_categorical=False, eta=0.2,
             eval_metric=None, gamma=0.1, gpu_id=-1, grow_policy='depthwise',
             importance_type=None, interaction_constraints='',
             learning_rate=0.200000003, max_bin=256, max_cat_to_onehot=4,
             max_delta_step=0, max_depth=6, max_leaves=0, min_child_weight=1,
             missing=nan, monotone_constraints='()', n_estimators=100,
             n_jobs=-1, num_parallel_tree=1, objective='reg:squarederror',
             predictor='auto', random_state=123, ...), feature_name=None, fit_kwargs=None, groups=None, label=False, plot=residuals, plot_kwargs=None, save=False, scale=1, system=True)
2024-05-01 14:08:40,224:INFO:Checking exceptions
2024-05-01 14:08:40,242:INFO:Preparing display monitor
2024-05-01 14:08:40,251:INFO:Preloading libraries
2024-05-01 14:08:40,270:INFO:Copying training dataset
2024-05-01 14:08:40,272:INFO:Copying test dataset
2024-05-01 14:08:40,273:INFO:Plot type: residuals
2024-05-01 14:08:40,541:INFO:Fitting Model
2024-05-01 14:08:40,735:INFO:Scoring test/hold-out set
2024-05-01 14:08:42,389:INFO:Visual Rendered Successfully
2024-05-01 14:08:42,503:INFO:plot_model() succesfully completed......................................
2024-05-01 14:10:03,408:INFO:Initializing plot_model()
2024-05-01 14:10:03,408:INFO:plot_model(fold=None, use_train_data=False, verbose=True, is_in_evaluate=False, display=None, display_format=None, estimator=XGBRegressor(base_score=0.5, booster='gbtree', callbacks=None,
             colsample_bylevel=1, colsample_bynode=1, colsample_bytree=1,
             early_stopping_rounds=None, enable_categorical=False, eta=0.2,
             eval_metric=None, gamma=0.1, gpu_id=-1, grow_policy='depthwise',
             importance_type=None, interaction_constraints='',
             learning_rate=0.200000003, max_bin=256, max_cat_to_onehot=4,
             max_delta_step=0, max_depth=6, max_leaves=0, min_child_weight=1,
             missing=nan, monotone_constraints='()', n_estimators=100,
             n_jobs=-1, num_parallel_tree=1, objective='reg:squarederror',
             predictor='auto', random_state=123, ...), feature_name=None, fit_kwargs=None, groups=None, label=False, plot=feature, plot_kwargs=None, save=False, scale=1, system=True)
2024-05-01 14:10:03,408:INFO:Checking exceptions
2024-05-01 14:10:03,408:INFO:Preparing display monitor
2024-05-01 14:10:03,429:INFO:Preloading libraries
2024-05-01 14:10:03,459:INFO:Copying training dataset
2024-05-01 14:10:03,460:INFO:Copying test dataset
2024-05-01 14:10:03,460:INFO:Plot type: feature
2024-05-01 14:10:03,492:WARNING:No coef_ found. Trying feature_importances_
2024-05-01 14:10:03,907:INFO:Visual Rendered Successfully
2024-05-01 14:10:04,007:INFO:plot_model() succesfully completed......................................
2024-05-01 14:10:05,410:INFO:Initializing finalize_model()
2024-05-01 14:10:05,410:INFO:finalize_model(estimator=XGBRegressor(base_score=0.5, booster='gbtree', callbacks=None,
             colsample_bylevel=1, colsample_bynode=1, colsample_bytree=1,
             early_stopping_rounds=None, enable_categorical=False, eta=0.2,
             eval_metric=None, gamma=0.1, gpu_id=-1, grow_policy='depthwise',
             importance_type=None, interaction_constraints='',
             learning_rate=0.200000003, max_bin=256, max_cat_to_onehot=4,
             max_delta_step=0, max_depth=6, max_leaves=0, min_child_weight=1,
             missing=nan, monotone_constraints='()', n_estimators=100,
             n_jobs=-1, num_parallel_tree=1, objective='reg:squarederror',
             predictor='auto', random_state=123, ...), fit_kwargs=None, groups=None, model_only=True, display=None, experiment_custom_tags=None, return_train_score=False)
2024-05-01 14:10:05,416:INFO:Finalizing XGBRegressor(base_score=0.5, booster='gbtree', callbacks=None,
             colsample_bylevel=1, colsample_bynode=1, colsample_bytree=1,
             early_stopping_rounds=None, enable_categorical=False, eta=0.2,
             eval_metric=None, gamma=0.1, gpu_id=-1, grow_policy='depthwise',
             importance_type=None, interaction_constraints='',
             learning_rate=0.200000003, max_bin=256, max_cat_to_onehot=4,
             max_delta_step=0, max_depth=6, max_leaves=0, min_child_weight=1,
             missing=nan, monotone_constraints='()', n_estimators=100,
             n_jobs=-1, num_parallel_tree=1, objective='reg:squarederror',
             predictor='auto', random_state=123, ...)
2024-05-01 14:10:05,423:INFO:Initializing create_model()
2024-05-01 14:10:05,423:INFO:create_model(estimator=XGBRegressor(base_score=0.5, booster='gbtree', callbacks=None,
             colsample_bylevel=1, colsample_bynode=1, colsample_bytree=1,
             early_stopping_rounds=None, enable_categorical=False, eta=0.2,
             eval_metric=None, gamma=0.1, gpu_id=-1, grow_policy='depthwise',
             importance_type=None, interaction_constraints='',
             learning_rate=0.200000003, max_bin=256, max_cat_to_onehot=4,
             max_delta_step=0, max_depth=6, max_leaves=0, min_child_weight=1,
             missing=nan, monotone_constraints='()', n_estimators=100,
             n_jobs=-1, num_parallel_tree=1, objective='reg:squarederror',
             predictor='auto', random_state=123, ...), fold=None, round=4, cross_validation=True, predict=True, fit_kwargs={}, groups=None, refit=True, verbose=False, system=False, metrics=None, experiment_custom_tags=None, add_to_model_list=False, probability_threshold=None, display=None, return_train_score=False, kwargs={})
2024-05-01 14:10:05,424:INFO:Checking exceptions
2024-05-01 14:10:05,424:INFO:Importing libraries
2024-05-01 14:10:05,424:INFO:Copying training dataset
2024-05-01 14:10:05,425:INFO:Defining folds
2024-05-01 14:10:05,425:INFO:Declaring metric variables
2024-05-01 14:10:05,425:INFO:Importing untrained model
2024-05-01 14:10:05,425:INFO:Declaring custom model
2024-05-01 14:10:05,429:INFO:Extreme Gradient Boosting Imported succesfully
2024-05-01 14:10:05,429:INFO:Starting cross validation
2024-05-01 14:10:05,429:INFO:Cross validating with KFold(n_splits=10, random_state=None, shuffle=False), n_jobs=-1
2024-05-01 14:10:07,008:INFO:Calculating mean and std
2024-05-01 14:10:07,008:INFO:Creating metrics dataframe
2024-05-01 14:10:07,025:INFO:Finalizing model
2024-05-01 14:10:07,432:INFO:create_model_container: 7
2024-05-01 14:10:07,432:INFO:master_model_container: 7
2024-05-01 14:10:07,432:INFO:display_container: 9
2024-05-01 14:10:07,441:INFO:XGBRegressor(base_score=0.5, booster='gbtree', callbacks=None,
             colsample_bylevel=1, colsample_bynode=1, colsample_bytree=1,
             early_stopping_rounds=None, enable_categorical=False, eta=0.2,
             eval_metric=None, gamma=0.1, gpu_id=-1, grow_policy='depthwise',
             importance_type=None, interaction_constraints='',
             learning_rate=0.200000003, max_bin=256, max_cat_to_onehot=4,
             max_delta_step=0, max_depth=6, max_leaves=0, min_child_weight=1,
             missing=nan, monotone_constraints='()', n_estimators=100,
             n_jobs=-1, num_parallel_tree=1, objective='reg:squarederror',
             predictor='auto', random_state=123, ...)
2024-05-01 14:10:07,441:INFO:create_model() succesfully completed......................................
2024-05-01 14:10:07,558:INFO:create_model_container: 7
2024-05-01 14:10:07,558:INFO:master_model_container: 7
2024-05-01 14:10:07,558:INFO:display_container: 8
2024-05-01 14:10:07,558:INFO:XGBRegressor(base_score=0.5, booster='gbtree', callbacks=None,
             colsample_bylevel=1, colsample_bynode=1, colsample_bytree=1,
             early_stopping_rounds=None, enable_categorical=False, eta=0.2,
             eval_metric=None, gamma=0.1, gpu_id=-1, grow_policy='depthwise',
             importance_type=None, interaction_constraints='',
             learning_rate=0.200000003, max_bin=256, max_cat_to_onehot=4,
             max_delta_step=0, max_depth=6, max_leaves=0, min_child_weight=1,
             missing=nan, monotone_constraints='()', n_estimators=100,
             n_jobs=-1, num_parallel_tree=1, objective='reg:squarederror',
             predictor='auto', random_state=123, ...)
2024-05-01 14:10:07,558:INFO:finalize_model() succesfully completed......................................
2024-05-01 14:10:11,375:INFO:Initializing predict_model()
2024-05-01 14:10:11,375:INFO:predict_model(estimator=XGBRegressor(base_score=0.5, booster='gbtree', callbacks=None,
             colsample_bylevel=1, colsample_bynode=1, colsample_bytree=1,
             early_stopping_rounds=None, enable_categorical=False, eta=0.2,
             eval_metric=None, gamma=0.1, gpu_id=-1, grow_policy='depthwise',
             importance_type=None, interaction_constraints='',
             learning_rate=0.200000003, max_bin=256, max_cat_to_onehot=4,
             max_delta_step=0, max_depth=6, max_leaves=0, min_child_weight=1,
             missing=nan, monotone_constraints='()', n_estimators=100,
             n_jobs=-1, num_parallel_tree=1, objective='reg:squarederror',
             predictor='auto', random_state=123, ...), probability_threshold=None, encoded_labels=True, drift_report=False, raw_score=False, round=4, verbose=True, ml_usecase=MLUsecase.REGRESSION, display=None, drift_kwargs=None)
2024-05-01 14:10:11,375:INFO:Checking exceptions
2024-05-01 14:10:11,375:INFO:Preloading libraries
2024-05-01 14:10:11,375:INFO:Preparing display monitor
2024-05-01 14:10:37,478:INFO:gpu_param set to False
2024-05-01 14:10:37,921:INFO:PyCaret Supervised Module
2024-05-01 14:10:37,921:INFO:ML Usecase: regression
2024-05-01 14:10:37,922:INFO:version 2.3.10
2024-05-01 14:10:37,922:INFO:Initializing setup()
2024-05-01 14:10:37,922:INFO:setup(target=value, ml_usecase=regression, available_plots={'parameter': 'Hyperparameters', 'residuals': 'Residuals', 'error': 'Prediction Error', 'cooks': 'Cooks Distance', 'rfe': 'Feature Selection', 'learning': 'Learning Curve', 'manifold': 'Manifold Learning', 'vc': 'Validation Curve', 'feature': 'Feature Importance', 'feature_all': 'Feature Importance (All)', 'tree': 'Decision Tree', 'residuals_interactive': 'Interactive Residuals'}, train_size=0.8, test_data=None, preprocess=True, imputation_type=simple, iterative_imputation_iters=5, categorical_features=None, categorical_imputation=constant, categorical_iterative_imputer=lightgbm, ordinal_features=None, high_cardinality_features=None, high_cardinality_method=frequency, numeric_features=['index.num', 'year', 'quarter', 'month', 'mday', 'week', 'wday'], numeric_imputation=mean, numeric_iterative_imputer=lightgbm, date_features=None, ignore_features=None, normalize=False, normalize_method=zscore, transformation=False, transformation_method=yeo-johnson, handle_unknown_categorical=True, unknown_categorical_method=least_frequent, pca=False, pca_method=linear, pca_components=None, ignore_low_variance=False, combine_rare_levels=False, rare_level_threshold=0.1, bin_numeric_features=None, remove_outliers=False, outliers_threshold=0.05, remove_multicollinearity=False, multicollinearity_threshold=0.9, remove_perfect_collinearity=True, create_clusters=False, cluster_iter=20, polynomial_features=False, polynomial_degree=2, trigonometry_features=False, polynomial_threshold=0.1, group_features=None, group_names=None, feature_selection=False, feature_selection_threshold=0.8, feature_selection_method=classic, feature_interaction=False, feature_ratio=False, interaction_threshold=0.01, fix_imbalance=False, fix_imbalance_method=None, transform_target=False, transform_target_method=box-cox, data_split_shuffle=True, data_split_stratify=False, fold_strategy=kfold, fold=10, fold_shuffle=False, fold_groups=None, n_jobs=-1, use_gpu=False, custom_pipeline=None, html=True, session_id=123, log_experiment=False, experiment_name=None, experiment_custom_tags=None, log_plots=False, log_profile=False, log_data=False, silent=True, verbose=True, profile=False, profile_kwargs=None, display=None)
2024-05-01 14:10:37,922:INFO:Checking environment
2024-05-01 14:10:37,922:INFO:python_version: 3.7.12
2024-05-01 14:10:37,922:INFO:python_build: ('default', 'Oct 26 2021 05:35:01')
2024-05-01 14:10:37,922:INFO:machine: AMD64
2024-05-01 14:10:37,922:INFO:platform: Windows-10-10.0.19041-SP0
2024-05-01 14:10:37,922:INFO:Memory: svmem(total=17032478720, available=6856044544, percent=59.7, used=10176434176, free=6856044544)
2024-05-01 14:10:37,922:INFO:Physical Core: 2
2024-05-01 14:10:37,923:INFO:Logical Core: 4
2024-05-01 14:10:37,923:INFO:Checking libraries
2024-05-01 14:10:37,923:INFO:pd==1.3.5
2024-05-01 14:10:37,923:INFO:numpy==1.20.3
2024-05-01 14:10:37,923:INFO:sklearn==0.23.2
2024-05-01 14:10:37,923:INFO:lightgbm==3.2.1
2024-05-01 14:10:37,923:INFO:catboost==1.1.1
2024-05-01 14:10:37,923:INFO:xgboost==1.6.2
2024-05-01 14:10:37,923:INFO:mlflow==1.26.1
2024-05-01 14:10:37,923:INFO:Checking Exceptions
2024-05-01 14:10:37,923:INFO:Declaring global variables
2024-05-01 14:10:37,923:INFO:USI: 5ed1
2024-05-01 14:10:37,924:INFO:pycaret_globals: {'fold_groups_param_full', 'dashboard_logger', 'fold_param', '_ml_usecase', 'create_model_container', 'X_train', 'log_plots_param', 'fold_groups_param', '_all_models_internal', 'logging_param', 'fix_imbalance_param', 'pycaret_globals', 'y_test', 'X_test', '_internal_pipeline', 'fold_shuffle_param', 'experiment__', 'target_param', 'master_model_container', 'y', '_all_models', 'n_jobs_param', 'transform_target_param', 'fold_generator', 'transform_target_method_param', 'seed', '_all_metrics', 'imputation_classifier', '_gpu_n_jobs_param', 'display_container', 'iterative_imputation_iters_param', 'prep_pipe', 'stratify_param', 'y_train', 'exp_name_log', '_available_plots', 'html_param', 'gpu_param', 'X', 'imputation_regressor', 'data_before_preprocess', 'USI', 'fix_imbalance_method_param'}
2024-05-01 14:10:37,924:INFO:Preparing display monitor
2024-05-01 14:10:37,924:INFO:Preparing display monitor
2024-05-01 14:10:37,943:INFO:Importing libraries
2024-05-01 14:10:37,943:INFO:Copying data for preprocessing
2024-05-01 14:10:37,975:INFO:Declaring preprocessing parameters
2024-05-01 14:10:37,980:INFO:Creating preprocessing pipeline
2024-05-01 14:10:37,993:INFO:Preprocessing pipeline created successfully
2024-05-01 14:10:37,993:ERROR:(Process Exit): setup has been interupted with user command 'quit'. setup must rerun.
2024-05-01 14:10:37,993:INFO:Creating global containers
2024-05-01 14:10:37,993:INFO:Internal pipeline: Pipeline(memory=None, steps=[('empty_step', 'passthrough')], verbose=False)
2024-05-01 14:10:38,858:INFO:Creating grid variables
2024-05-01 14:10:38,871:INFO:create_model_container: 0
2024-05-01 14:10:38,886:INFO:master_model_container: 0
2024-05-01 14:10:38,888:INFO:display_container: 1
2024-05-01 14:10:38,901:INFO:Pipeline(memory=None,
         steps=[('dtypes',
                 DataTypes_Auto_infer(categorical_features=[],
                                      display_types=False, features_todrop=[],
                                      id_columns=[], ml_usecase='regression',
                                      numerical_features=['index.num', 'year',
                                                          'quarter', 'month',
                                                          'mday', 'week',
                                                          'wday'],
                                      target='value', time_features=[])),
                ('imputer',
                 Simple_Imputer(categorical_strategy='not_available',
                                fill_value_cat...
                ('scaling', 'passthrough'), ('P_transform', 'passthrough'),
                ('binn', 'passthrough'), ('rem_outliers', 'passthrough'),
                ('cluster_all', 'passthrough'),
                ('dummy', Dummify(target='value')),
                ('fix_perfect', Remove_100(target='value')),
                ('clean_names', Clean_Colum_Names()),
                ('feature_select', 'passthrough'), ('fix_multi', 'passthrough'),
                ('dfs', 'passthrough'), ('pca', 'passthrough')],
         verbose=False)
2024-05-01 14:10:38,901:INFO:setup() succesfully completed......................................
2024-05-01 14:10:39,040:INFO:Initializing create_model()
2024-05-01 14:10:39,040:INFO:create_model(estimator=xgboost, fold=None, round=4, cross_validation=False, predict=True, fit_kwargs=None, groups=None, refit=True, verbose=True, system=True, metrics=None, experiment_custom_tags=None, add_to_model_list=True, probability_threshold=None, display=None, return_train_score=False, kwargs={'eta': 0.2, 'max_depth': 6})
2024-05-01 14:10:39,040:INFO:Checking exceptions
2024-05-01 14:10:39,040:INFO:Preparing display monitor
2024-05-01 14:10:39,086:INFO:Importing libraries
2024-05-01 14:10:39,090:INFO:Copying training dataset
2024-05-01 14:10:39,093:INFO:Defining folds
2024-05-01 14:10:39,093:INFO:Declaring metric variables
2024-05-01 14:10:39,191:INFO:Importing untrained model
2024-05-01 14:10:39,216:INFO:Extreme Gradient Boosting Imported succesfully
2024-05-01 14:10:39,303:INFO:Cross validation set to False
2024-05-01 14:10:39,303:INFO:Fitting Model
2024-05-01 14:10:39,851:INFO:Initializing predict_model()
2024-05-01 14:10:39,851:INFO:predict_model(estimator=Pipeline(memory=None,
         steps=[('empty_step', 'passthrough'),
                ('actual_estimator',
                 XGBRegressor(base_score=0.5, booster='gbtree', callbacks=None,
                              colsample_bylevel=1, colsample_bynode=1,
                              colsample_bytree=1, early_stopping_rounds=None,
                              enable_categorical=False, eta=0.2,
                              eval_metric=None, gamma=0, gpu_id=-1,
                              grow_policy='depthwise', importance_type=None,
                              interaction_constraints='',
                              learning_rate=0.200000003, max_bin=256,
                              max_cat_to_onehot=4, max_delta_step=0,
                              max_depth=6, max_leaves=0, min_child_weight=1,
                              missing=nan, monotone_constraints='()',
                              n_estimators=100, n_jobs=-1, num_parallel_tree=1,
                              objective='reg:squarederror', predictor='auto',
                              random_state=123, ...))],
         verbose=False), probability_threshold=None, encoded_labels=False, drift_report=False, raw_score=False, round=4, verbose=False, ml_usecase=None, display=None, drift_kwargs=None)
2024-05-01 14:10:39,852:INFO:Checking exceptions
2024-05-01 14:10:39,852:INFO:Preloading libraries
2024-05-01 14:10:40,005:INFO:display_container: 2
2024-05-01 14:10:40,015:INFO:XGBRegressor(base_score=0.5, booster='gbtree', callbacks=None,
             colsample_bylevel=1, colsample_bynode=1, colsample_bytree=1,
             early_stopping_rounds=None, enable_categorical=False, eta=0.2,
             eval_metric=None, gamma=0, gpu_id=-1, grow_policy='depthwise',
             importance_type=None, interaction_constraints='',
             learning_rate=0.200000003, max_bin=256, max_cat_to_onehot=4,
             max_delta_step=0, max_depth=6, max_leaves=0, min_child_weight=1,
             missing=nan, monotone_constraints='()', n_estimators=100,
             n_jobs=-1, num_parallel_tree=1, objective='reg:squarederror',
             predictor='auto', random_state=123, ...)
2024-05-01 14:10:40,015:INFO:create_models() succesfully completed......................................
2024-05-01 14:10:40,126:INFO:Initializing finalize_model()
2024-05-01 14:10:40,126:INFO:finalize_model(estimator=XGBRegressor(base_score=0.5, booster='gbtree', callbacks=None,
             colsample_bylevel=1, colsample_bynode=1, colsample_bytree=1,
             early_stopping_rounds=None, enable_categorical=False, eta=0.2,
             eval_metric=None, gamma=0, gpu_id=-1, grow_policy='depthwise',
             importance_type=None, interaction_constraints='',
             learning_rate=0.200000003, max_bin=256, max_cat_to_onehot=4,
             max_delta_step=0, max_depth=6, max_leaves=0, min_child_weight=1,
             missing=nan, monotone_constraints='()', n_estimators=100,
             n_jobs=-1, num_parallel_tree=1, objective='reg:squarederror',
             predictor='auto', random_state=123, ...), fit_kwargs=None, groups=None, model_only=True, display=None, experiment_custom_tags=None, return_train_score=False)
2024-05-01 14:10:40,128:INFO:Finalizing XGBRegressor(base_score=0.5, booster='gbtree', callbacks=None,
             colsample_bylevel=1, colsample_bynode=1, colsample_bytree=1,
             early_stopping_rounds=None, enable_categorical=False, eta=0.2,
             eval_metric=None, gamma=0, gpu_id=-1, grow_policy='depthwise',
             importance_type=None, interaction_constraints='',
             learning_rate=0.200000003, max_bin=256, max_cat_to_onehot=4,
             max_delta_step=0, max_depth=6, max_leaves=0, min_child_weight=1,
             missing=nan, monotone_constraints='()', n_estimators=100,
             n_jobs=-1, num_parallel_tree=1, objective='reg:squarederror',
             predictor='auto', random_state=123, ...)
2024-05-01 14:10:40,131:INFO:Initializing create_model()
2024-05-01 14:10:40,131:INFO:create_model(estimator=XGBRegressor(base_score=0.5, booster='gbtree', callbacks=None,
             colsample_bylevel=1, colsample_bynode=1, colsample_bytree=1,
             early_stopping_rounds=None, enable_categorical=False, eta=0.2,
             eval_metric=None, gamma=0, gpu_id=-1, grow_policy='depthwise',
             importance_type=None, interaction_constraints='',
             learning_rate=0.200000003, max_bin=256, max_cat_to_onehot=4,
             max_delta_step=0, max_depth=6, max_leaves=0, min_child_weight=1,
             missing=nan, monotone_constraints='()', n_estimators=100,
             n_jobs=-1, num_parallel_tree=1, objective='reg:squarederror',
             predictor='auto', random_state=123, ...), fold=None, round=4, cross_validation=True, predict=True, fit_kwargs={}, groups=None, refit=True, verbose=False, system=False, metrics=None, experiment_custom_tags=None, add_to_model_list=False, probability_threshold=None, display=None, return_train_score=False, kwargs={})
2024-05-01 14:10:40,131:INFO:Checking exceptions
2024-05-01 14:10:40,131:INFO:Importing libraries
2024-05-01 14:10:40,131:INFO:Copying training dataset
2024-05-01 14:10:40,132:INFO:Defining folds
2024-05-01 14:10:40,132:INFO:Declaring metric variables
2024-05-01 14:10:40,132:INFO:Importing untrained model
2024-05-01 14:10:40,132:INFO:Declaring custom model
2024-05-01 14:10:40,135:INFO:Extreme Gradient Boosting Imported succesfully
2024-05-01 14:10:40,135:INFO:Starting cross validation
2024-05-01 14:10:40,136:INFO:Cross validating with KFold(n_splits=10, random_state=None, shuffle=False), n_jobs=-1
2024-05-01 14:10:41,715:INFO:Calculating mean and std
2024-05-01 14:10:41,716:INFO:Creating metrics dataframe
2024-05-01 14:10:41,719:INFO:Finalizing model
2024-05-01 14:10:42,111:INFO:create_model_container: 0
2024-05-01 14:10:42,111:INFO:master_model_container: 0
2024-05-01 14:10:42,111:INFO:display_container: 3
2024-05-01 14:10:42,113:INFO:XGBRegressor(base_score=0.5, booster='gbtree', callbacks=None,
             colsample_bylevel=1, colsample_bynode=1, colsample_bytree=1,
             early_stopping_rounds=None, enable_categorical=False, eta=0.2,
             eval_metric=None, gamma=0, gpu_id=-1, grow_policy='depthwise',
             importance_type=None, interaction_constraints='',
             learning_rate=0.200000003, max_bin=256, max_cat_to_onehot=4,
             max_delta_step=0, max_depth=6, max_leaves=0, min_child_weight=1,
             missing=nan, monotone_constraints='()', n_estimators=100,
             n_jobs=-1, num_parallel_tree=1, objective='reg:squarederror',
             predictor='auto', random_state=123, ...)
2024-05-01 14:10:42,113:INFO:create_model() succesfully completed......................................
2024-05-01 14:10:42,222:INFO:create_model_container: 0
2024-05-01 14:10:42,222:INFO:master_model_container: 0
2024-05-01 14:10:42,222:INFO:display_container: 2
2024-05-01 14:10:42,224:INFO:XGBRegressor(base_score=0.5, booster='gbtree', callbacks=None,
             colsample_bylevel=1, colsample_bynode=1, colsample_bytree=1,
             early_stopping_rounds=None, enable_categorical=False, eta=0.2,
             eval_metric=None, gamma=0, gpu_id=-1, grow_policy='depthwise',
             importance_type=None, interaction_constraints='',
             learning_rate=0.200000003, max_bin=256, max_cat_to_onehot=4,
             max_delta_step=0, max_depth=6, max_leaves=0, min_child_weight=1,
             missing=nan, monotone_constraints='()', n_estimators=100,
             n_jobs=-1, num_parallel_tree=1, objective='reg:squarederror',
             predictor='auto', random_state=123, ...)
2024-05-01 14:10:42,224:INFO:finalize_model() succesfully completed......................................
2024-05-01 14:10:42,320:INFO:Initializing predict_model()
2024-05-01 14:10:42,322:INFO:predict_model(estimator=XGBRegressor(base_score=0.5, booster='gbtree', callbacks=None,
             colsample_bylevel=1, colsample_bynode=1, colsample_bytree=1,
             early_stopping_rounds=None, enable_categorical=False, eta=0.2,
             eval_metric=None, gamma=0, gpu_id=-1, grow_policy='depthwise',
             importance_type=None, interaction_constraints='',
             learning_rate=0.200000003, max_bin=256, max_cat_to_onehot=4,
             max_delta_step=0, max_depth=6, max_leaves=0, min_child_weight=1,
             missing=nan, monotone_constraints='()', n_estimators=100,
             n_jobs=-1, num_parallel_tree=1, objective='reg:squarederror',
             predictor='auto', random_state=123, ...), probability_threshold=None, encoded_labels=True, drift_report=False, raw_score=False, round=4, verbose=True, ml_usecase=MLUsecase.REGRESSION, display=None, drift_kwargs=None)
2024-05-01 14:10:42,322:INFO:Checking exceptions
2024-05-01 14:10:42,322:INFO:Preloading libraries
2024-05-01 14:10:42,322:INFO:Preparing display monitor
2024-05-01 14:10:47,438:INFO:PyCaret Supervised Module
2024-05-01 14:10:47,438:INFO:ML Usecase: regression
2024-05-01 14:10:47,438:INFO:version 2.3.10
2024-05-01 14:10:47,438:INFO:Initializing setup()
2024-05-01 14:10:47,438:INFO:setup(target=value, ml_usecase=regression, available_plots={'parameter': 'Hyperparameters', 'residuals': 'Residuals', 'error': 'Prediction Error', 'cooks': 'Cooks Distance', 'rfe': 'Feature Selection', 'learning': 'Learning Curve', 'manifold': 'Manifold Learning', 'vc': 'Validation Curve', 'feature': 'Feature Importance', 'feature_all': 'Feature Importance (All)', 'tree': 'Decision Tree', 'residuals_interactive': 'Interactive Residuals'}, train_size=0.8, test_data=None, preprocess=True, imputation_type=simple, iterative_imputation_iters=5, categorical_features=None, categorical_imputation=constant, categorical_iterative_imputer=lightgbm, ordinal_features=None, high_cardinality_features=None, high_cardinality_method=frequency, numeric_features=['index.num', 'year', 'quarter', 'month', 'mday', 'week', 'wday'], numeric_imputation=mean, numeric_iterative_imputer=lightgbm, date_features=None, ignore_features=None, normalize=False, normalize_method=zscore, transformation=False, transformation_method=yeo-johnson, handle_unknown_categorical=True, unknown_categorical_method=least_frequent, pca=False, pca_method=linear, pca_components=None, ignore_low_variance=False, combine_rare_levels=False, rare_level_threshold=0.1, bin_numeric_features=None, remove_outliers=False, outliers_threshold=0.05, remove_multicollinearity=False, multicollinearity_threshold=0.9, remove_perfect_collinearity=True, create_clusters=False, cluster_iter=20, polynomial_features=False, polynomial_degree=2, trigonometry_features=False, polynomial_threshold=0.1, group_features=None, group_names=None, feature_selection=False, feature_selection_threshold=0.8, feature_selection_method=classic, feature_interaction=False, feature_ratio=False, interaction_threshold=0.01, fix_imbalance=False, fix_imbalance_method=None, transform_target=False, transform_target_method=box-cox, data_split_shuffle=True, data_split_stratify=False, fold_strategy=kfold, fold=10, fold_shuffle=False, fold_groups=None, n_jobs=-1, use_gpu=False, custom_pipeline=None, html=True, session_id=123, log_experiment=False, experiment_name=None, experiment_custom_tags=None, log_plots=False, log_profile=False, log_data=False, silent=True, verbose=True, profile=False, profile_kwargs=None, display=None)
2024-05-01 14:10:47,438:INFO:Checking environment
2024-05-01 14:10:47,438:INFO:python_version: 3.7.12
2024-05-01 14:10:47,438:INFO:python_build: ('default', 'Oct 26 2021 05:35:01')
2024-05-01 14:10:47,438:INFO:machine: AMD64
2024-05-01 14:10:47,438:INFO:platform: Windows-10-10.0.19041-SP0
2024-05-01 14:10:47,438:INFO:Memory: svmem(total=17032478720, available=6831497216, percent=59.9, used=10200981504, free=6831497216)
2024-05-01 14:10:47,438:INFO:Physical Core: 2
2024-05-01 14:10:47,438:INFO:Logical Core: 4
2024-05-01 14:10:47,438:INFO:Checking libraries
2024-05-01 14:10:47,438:INFO:pd==1.3.5
2024-05-01 14:10:47,438:INFO:numpy==1.20.3
2024-05-01 14:10:47,438:INFO:sklearn==0.23.2
2024-05-01 14:10:47,438:INFO:lightgbm==3.2.1
2024-05-01 14:10:47,438:INFO:catboost==1.1.1
2024-05-01 14:10:47,438:INFO:xgboost==1.6.2
2024-05-01 14:10:47,438:INFO:mlflow==1.26.1
2024-05-01 14:10:47,438:INFO:Checking Exceptions
2024-05-01 14:10:47,438:INFO:Declaring global variables
2024-05-01 14:10:47,438:INFO:USI: b523
2024-05-01 14:10:47,438:INFO:pycaret_globals: {'fold_groups_param_full', 'dashboard_logger', 'fold_param', '_ml_usecase', 'create_model_container', 'X_train', 'log_plots_param', 'fold_groups_param', '_all_models_internal', 'logging_param', 'fix_imbalance_param', 'pycaret_globals', 'y_test', 'X_test', '_internal_pipeline', 'fold_shuffle_param', 'experiment__', 'target_param', 'master_model_container', 'y', '_all_models', 'n_jobs_param', 'transform_target_param', 'fold_generator', 'transform_target_method_param', 'seed', '_all_metrics', 'imputation_classifier', '_gpu_n_jobs_param', 'display_container', 'iterative_imputation_iters_param', 'prep_pipe', 'stratify_param', 'y_train', 'exp_name_log', '_available_plots', 'html_param', 'gpu_param', 'X', 'imputation_regressor', 'data_before_preprocess', 'USI', 'fix_imbalance_method_param'}
2024-05-01 14:10:47,438:INFO:Preparing display monitor
2024-05-01 14:10:47,438:INFO:Preparing display monitor
2024-05-01 14:10:47,468:INFO:Importing libraries
2024-05-01 14:10:47,469:INFO:Copying data for preprocessing
2024-05-01 14:10:47,486:INFO:Declaring preprocessing parameters
2024-05-01 14:10:47,488:INFO:Creating preprocessing pipeline
2024-05-01 14:10:47,498:INFO:Preprocessing pipeline created successfully
2024-05-01 14:10:47,498:ERROR:(Process Exit): setup has been interupted with user command 'quit'. setup must rerun.
2024-05-01 14:10:47,499:INFO:Creating global containers
2024-05-01 14:10:47,500:INFO:Internal pipeline: Pipeline(memory=None, steps=[('empty_step', 'passthrough')], verbose=False)
2024-05-01 14:10:48,241:INFO:Creating grid variables
2024-05-01 14:10:48,275:INFO:create_model_container: 0
2024-05-01 14:10:48,276:INFO:master_model_container: 0
2024-05-01 14:10:48,276:INFO:display_container: 1
2024-05-01 14:10:48,294:INFO:Pipeline(memory=None,
         steps=[('dtypes',
                 DataTypes_Auto_infer(categorical_features=[],
                                      display_types=False, features_todrop=[],
                                      id_columns=[], ml_usecase='regression',
                                      numerical_features=['index.num', 'year',
                                                          'quarter', 'month',
                                                          'mday', 'week',
                                                          'wday'],
                                      target='value', time_features=[])),
                ('imputer',
                 Simple_Imputer(categorical_strategy='not_available',
                                fill_value_cat...
                ('scaling', 'passthrough'), ('P_transform', 'passthrough'),
                ('binn', 'passthrough'), ('rem_outliers', 'passthrough'),
                ('cluster_all', 'passthrough'),
                ('dummy', Dummify(target='value')),
                ('fix_perfect', Remove_100(target='value')),
                ('clean_names', Clean_Colum_Names()),
                ('feature_select', 'passthrough'), ('fix_multi', 'passthrough'),
                ('dfs', 'passthrough'), ('pca', 'passthrough')],
         verbose=False)
2024-05-01 14:10:48,294:INFO:setup() succesfully completed......................................
2024-05-01 14:10:48,421:INFO:Initializing create_model()
2024-05-01 14:10:48,421:INFO:create_model(estimator=rf, fold=None, round=4, cross_validation=False, predict=True, fit_kwargs=None, groups=None, refit=True, verbose=True, system=True, metrics=None, experiment_custom_tags=None, add_to_model_list=True, probability_threshold=None, display=None, return_train_score=False, kwargs={})
2024-05-01 14:10:48,421:INFO:Checking exceptions
2024-05-01 14:10:48,421:INFO:Preparing display monitor
2024-05-01 14:10:48,452:INFO:Importing libraries
2024-05-01 14:10:48,452:INFO:Copying training dataset
2024-05-01 14:10:48,454:INFO:Defining folds
2024-05-01 14:10:48,455:INFO:Declaring metric variables
2024-05-01 14:10:48,500:INFO:Importing untrained model
2024-05-01 14:10:48,530:INFO:Random Forest Regressor Imported succesfully
2024-05-01 14:10:48,572:INFO:Cross validation set to False
2024-05-01 14:10:48,574:INFO:Fitting Model
2024-05-01 14:10:49,580:INFO:Initializing predict_model()
2024-05-01 14:10:49,581:INFO:predict_model(estimator=Pipeline(memory=None,
         steps=[('empty_step', 'passthrough'),
                ('actual_estimator',
                 RandomForestRegressor(bootstrap=True, ccp_alpha=0.0,
                                       criterion='mse', max_depth=None,
                                       max_features='auto', max_leaf_nodes=None,
                                       max_samples=None,
                                       min_impurity_decrease=0.0,
                                       min_impurity_split=None,
                                       min_samples_leaf=1, min_samples_split=2,
                                       min_weight_fraction_leaf=0.0,
                                       n_estimators=100, n_jobs=-1,
                                       oob_score=False, random_state=123,
                                       verbose=0, warm_start=False))],
         verbose=False), probability_threshold=None, encoded_labels=False, drift_report=False, raw_score=False, round=4, verbose=False, ml_usecase=None, display=None, drift_kwargs=None)
2024-05-01 14:10:49,582:INFO:Checking exceptions
2024-05-01 14:10:49,582:INFO:Preloading libraries
2024-05-01 14:10:49,829:INFO:display_container: 2
2024-05-01 14:10:49,833:INFO:RandomForestRegressor(bootstrap=True, ccp_alpha=0.0, criterion='mse',
                      max_depth=None, max_features='auto', max_leaf_nodes=None,
                      max_samples=None, min_impurity_decrease=0.0,
                      min_impurity_split=None, min_samples_leaf=1,
                      min_samples_split=2, min_weight_fraction_leaf=0.0,
                      n_estimators=100, n_jobs=-1, oob_score=False,
                      random_state=123, verbose=0, warm_start=False)
2024-05-01 14:10:49,833:INFO:create_models() succesfully completed......................................
2024-05-01 14:10:49,975:INFO:Initializing finalize_model()
2024-05-01 14:10:49,975:INFO:finalize_model(estimator=RandomForestRegressor(bootstrap=True, ccp_alpha=0.0, criterion='mse',
                      max_depth=None, max_features='auto', max_leaf_nodes=None,
                      max_samples=None, min_impurity_decrease=0.0,
                      min_impurity_split=None, min_samples_leaf=1,
                      min_samples_split=2, min_weight_fraction_leaf=0.0,
                      n_estimators=100, n_jobs=-1, oob_score=False,
                      random_state=123, verbose=0, warm_start=False), fit_kwargs=None, groups=None, model_only=True, display=None, experiment_custom_tags=None, return_train_score=False)
2024-05-01 14:10:49,977:INFO:Finalizing RandomForestRegressor(bootstrap=True, ccp_alpha=0.0, criterion='mse',
                      max_depth=None, max_features='auto', max_leaf_nodes=None,
                      max_samples=None, min_impurity_decrease=0.0,
                      min_impurity_split=None, min_samples_leaf=1,
                      min_samples_split=2, min_weight_fraction_leaf=0.0,
                      n_estimators=100, n_jobs=-1, oob_score=False,
                      random_state=123, verbose=0, warm_start=False)
2024-05-01 14:10:49,980:INFO:Initializing create_model()
2024-05-01 14:10:49,980:INFO:create_model(estimator=RandomForestRegressor(bootstrap=True, ccp_alpha=0.0, criterion='mse',
                      max_depth=None, max_features='auto', max_leaf_nodes=None,
                      max_samples=None, min_impurity_decrease=0.0,
                      min_impurity_split=None, min_samples_leaf=1,
                      min_samples_split=2, min_weight_fraction_leaf=0.0,
                      n_estimators=100, n_jobs=-1, oob_score=False,
                      random_state=123, verbose=0, warm_start=False), fold=None, round=4, cross_validation=True, predict=True, fit_kwargs={}, groups=None, refit=True, verbose=False, system=False, metrics=None, experiment_custom_tags=None, add_to_model_list=False, probability_threshold=None, display=None, return_train_score=False, kwargs={})
2024-05-01 14:10:49,980:INFO:Checking exceptions
2024-05-01 14:10:49,980:INFO:Importing libraries
2024-05-01 14:10:49,981:INFO:Copying training dataset
2024-05-01 14:10:49,981:INFO:Defining folds
2024-05-01 14:10:49,981:INFO:Declaring metric variables
2024-05-01 14:10:49,981:INFO:Importing untrained model
2024-05-01 14:10:49,981:INFO:Declaring custom model
2024-05-01 14:10:49,983:INFO:Random Forest Regressor Imported succesfully
2024-05-01 14:10:49,984:INFO:Starting cross validation
2024-05-01 14:10:49,985:INFO:Cross validating with KFold(n_splits=10, random_state=None, shuffle=False), n_jobs=-1
2024-05-01 14:10:54,354:INFO:Calculating mean and std
2024-05-01 14:10:54,354:INFO:Creating metrics dataframe
2024-05-01 14:10:54,354:INFO:Finalizing model
2024-05-01 14:10:55,210:INFO:create_model_container: 0
2024-05-01 14:10:55,210:INFO:master_model_container: 0
2024-05-01 14:10:55,210:INFO:display_container: 3
2024-05-01 14:10:55,210:INFO:RandomForestRegressor(bootstrap=True, ccp_alpha=0.0, criterion='mse',
                      max_depth=None, max_features='auto', max_leaf_nodes=None,
                      max_samples=None, min_impurity_decrease=0.0,
                      min_impurity_split=None, min_samples_leaf=1,
                      min_samples_split=2, min_weight_fraction_leaf=0.0,
                      n_estimators=100, n_jobs=-1, oob_score=False,
                      random_state=123, verbose=0, warm_start=False)
2024-05-01 14:10:55,210:INFO:create_model() succesfully completed......................................
2024-05-01 14:10:55,296:INFO:create_model_container: 0
2024-05-01 14:10:55,297:INFO:master_model_container: 0
2024-05-01 14:10:55,297:INFO:display_container: 2
2024-05-01 14:10:55,297:INFO:RandomForestRegressor(bootstrap=True, ccp_alpha=0.0, criterion='mse',
                      max_depth=None, max_features='auto', max_leaf_nodes=None,
                      max_samples=None, min_impurity_decrease=0.0,
                      min_impurity_split=None, min_samples_leaf=1,
                      min_samples_split=2, min_weight_fraction_leaf=0.0,
                      n_estimators=100, n_jobs=-1, oob_score=False,
                      random_state=123, verbose=0, warm_start=False)
2024-05-01 14:10:55,297:INFO:finalize_model() succesfully completed......................................
2024-05-01 14:10:55,381:INFO:Initializing predict_model()
2024-05-01 14:10:55,381:INFO:predict_model(estimator=RandomForestRegressor(bootstrap=True, ccp_alpha=0.0, criterion='mse',
                      max_depth=None, max_features='auto', max_leaf_nodes=None,
                      max_samples=None, min_impurity_decrease=0.0,
                      min_impurity_split=None, min_samples_leaf=1,
                      min_samples_split=2, min_weight_fraction_leaf=0.0,
                      n_estimators=100, n_jobs=-1, oob_score=False,
                      random_state=123, verbose=0, warm_start=False), probability_threshold=None, encoded_labels=True, drift_report=False, raw_score=False, round=4, verbose=True, ml_usecase=MLUsecase.REGRESSION, display=None, drift_kwargs=None)
2024-05-01 14:10:55,381:INFO:Checking exceptions
2024-05-01 14:10:55,381:INFO:Preloading libraries
2024-05-01 14:10:55,381:INFO:Preparing display monitor
2024-05-01 14:10:55,821:INFO:PyCaret Supervised Module
2024-05-01 14:10:55,821:INFO:ML Usecase: regression
2024-05-01 14:10:55,821:INFO:version 2.3.10
2024-05-01 14:10:55,821:INFO:Initializing setup()
2024-05-01 14:10:55,821:INFO:setup(target=value, ml_usecase=regression, available_plots={'parameter': 'Hyperparameters', 'residuals': 'Residuals', 'error': 'Prediction Error', 'cooks': 'Cooks Distance', 'rfe': 'Feature Selection', 'learning': 'Learning Curve', 'manifold': 'Manifold Learning', 'vc': 'Validation Curve', 'feature': 'Feature Importance', 'feature_all': 'Feature Importance (All)', 'tree': 'Decision Tree', 'residuals_interactive': 'Interactive Residuals'}, train_size=0.8, test_data=None, preprocess=True, imputation_type=simple, iterative_imputation_iters=5, categorical_features=None, categorical_imputation=constant, categorical_iterative_imputer=lightgbm, ordinal_features=None, high_cardinality_features=None, high_cardinality_method=frequency, numeric_features=['index.num', 'year', 'quarter', 'month', 'mday', 'week', 'wday'], numeric_imputation=mean, numeric_iterative_imputer=lightgbm, date_features=None, ignore_features=None, normalize=False, normalize_method=zscore, transformation=False, transformation_method=yeo-johnson, handle_unknown_categorical=True, unknown_categorical_method=least_frequent, pca=False, pca_method=linear, pca_components=None, ignore_low_variance=False, combine_rare_levels=False, rare_level_threshold=0.1, bin_numeric_features=None, remove_outliers=False, outliers_threshold=0.05, remove_multicollinearity=False, multicollinearity_threshold=0.9, remove_perfect_collinearity=True, create_clusters=False, cluster_iter=20, polynomial_features=False, polynomial_degree=2, trigonometry_features=False, polynomial_threshold=0.1, group_features=None, group_names=None, feature_selection=False, feature_selection_threshold=0.8, feature_selection_method=classic, feature_interaction=False, feature_ratio=False, interaction_threshold=0.01, fix_imbalance=False, fix_imbalance_method=None, transform_target=False, transform_target_method=box-cox, data_split_shuffle=True, data_split_stratify=False, fold_strategy=kfold, fold=10, fold_shuffle=False, fold_groups=None, n_jobs=-1, use_gpu=False, custom_pipeline=None, html=True, session_id=123, log_experiment=False, experiment_name=None, experiment_custom_tags=None, log_plots=False, log_profile=False, log_data=False, silent=True, verbose=True, profile=False, profile_kwargs=None, display=None)
2024-05-01 14:10:55,821:INFO:Checking environment
2024-05-01 14:10:55,821:INFO:python_version: 3.7.12
2024-05-01 14:10:55,821:INFO:python_build: ('default', 'Oct 26 2021 05:35:01')
2024-05-01 14:10:55,821:INFO:machine: AMD64
2024-05-01 14:10:55,821:INFO:platform: Windows-10-10.0.19041-SP0
2024-05-01 14:10:55,821:INFO:Memory: svmem(total=17032478720, available=6843547648, percent=59.8, used=10188931072, free=6843547648)
2024-05-01 14:10:55,821:INFO:Physical Core: 2
2024-05-01 14:10:55,821:INFO:Logical Core: 4
2024-05-01 14:10:55,821:INFO:Checking libraries
2024-05-01 14:10:55,821:INFO:pd==1.3.5
2024-05-01 14:10:55,821:INFO:numpy==1.20.3
2024-05-01 14:10:55,821:INFO:sklearn==0.23.2
2024-05-01 14:10:55,821:INFO:lightgbm==3.2.1
2024-05-01 14:10:55,821:INFO:catboost==1.1.1
2024-05-01 14:10:55,821:INFO:xgboost==1.6.2
2024-05-01 14:10:55,821:INFO:mlflow==1.26.1
2024-05-01 14:10:55,821:INFO:Checking Exceptions
2024-05-01 14:10:55,821:INFO:Declaring global variables
2024-05-01 14:10:55,821:INFO:USI: 7a20
2024-05-01 14:10:55,821:INFO:pycaret_globals: {'fold_groups_param_full', 'dashboard_logger', 'fold_param', '_ml_usecase', 'create_model_container', 'X_train', 'log_plots_param', 'fold_groups_param', '_all_models_internal', 'logging_param', 'fix_imbalance_param', 'pycaret_globals', 'y_test', 'X_test', '_internal_pipeline', 'fold_shuffle_param', 'experiment__', 'target_param', 'master_model_container', 'y', '_all_models', 'n_jobs_param', 'transform_target_param', 'fold_generator', 'transform_target_method_param', 'seed', '_all_metrics', 'imputation_classifier', '_gpu_n_jobs_param', 'display_container', 'iterative_imputation_iters_param', 'prep_pipe', 'stratify_param', 'y_train', 'exp_name_log', '_available_plots', 'html_param', 'gpu_param', 'X', 'imputation_regressor', 'data_before_preprocess', 'USI', 'fix_imbalance_method_param'}
2024-05-01 14:10:55,821:INFO:Preparing display monitor
2024-05-01 14:10:55,821:INFO:Preparing display monitor
2024-05-01 14:10:55,845:INFO:Importing libraries
2024-05-01 14:10:55,845:INFO:Copying data for preprocessing
2024-05-01 14:10:55,865:INFO:Declaring preprocessing parameters
2024-05-01 14:10:55,865:INFO:Creating preprocessing pipeline
2024-05-01 14:10:55,873:INFO:Preprocessing pipeline created successfully
2024-05-01 14:10:55,874:ERROR:(Process Exit): setup has been interupted with user command 'quit'. setup must rerun.
2024-05-01 14:10:55,874:INFO:Creating global containers
2024-05-01 14:10:55,875:INFO:Internal pipeline: Pipeline(memory=None, steps=[('empty_step', 'passthrough')], verbose=False)
2024-05-01 14:10:56,421:INFO:Creating grid variables
2024-05-01 14:10:56,438:INFO:create_model_container: 0
2024-05-01 14:10:56,438:INFO:master_model_container: 0
2024-05-01 14:10:56,438:INFO:display_container: 1
2024-05-01 14:10:56,457:INFO:Pipeline(memory=None,
         steps=[('dtypes',
                 DataTypes_Auto_infer(categorical_features=[],
                                      display_types=False, features_todrop=[],
                                      id_columns=[], ml_usecase='regression',
                                      numerical_features=['index.num', 'year',
                                                          'quarter', 'month',
                                                          'mday', 'week',
                                                          'wday'],
                                      target='value', time_features=[])),
                ('imputer',
                 Simple_Imputer(categorical_strategy='not_available',
                                fill_value_cat...
                ('scaling', 'passthrough'), ('P_transform', 'passthrough'),
                ('binn', 'passthrough'), ('rem_outliers', 'passthrough'),
                ('cluster_all', 'passthrough'),
                ('dummy', Dummify(target='value')),
                ('fix_perfect', Remove_100(target='value')),
                ('clean_names', Clean_Colum_Names()),
                ('feature_select', 'passthrough'), ('fix_multi', 'passthrough'),
                ('dfs', 'passthrough'), ('pca', 'passthrough')],
         verbose=False)
2024-05-01 14:10:56,457:INFO:setup() succesfully completed......................................
2024-05-01 14:10:56,553:INFO:Initializing create_model()
2024-05-01 14:10:56,554:INFO:create_model(estimator=en, fold=None, round=4, cross_validation=False, predict=True, fit_kwargs=None, groups=None, refit=True, verbose=True, system=True, metrics=None, experiment_custom_tags=None, add_to_model_list=True, probability_threshold=None, display=None, return_train_score=False, kwargs={})
2024-05-01 14:10:56,554:INFO:Checking exceptions
2024-05-01 14:10:56,554:INFO:Preparing display monitor
2024-05-01 14:10:56,585:INFO:Importing libraries
2024-05-01 14:10:56,585:INFO:Copying training dataset
2024-05-01 14:10:56,585:INFO:Defining folds
2024-05-01 14:10:56,588:INFO:Declaring metric variables
2024-05-01 14:10:56,612:INFO:Importing untrained model
2024-05-01 14:10:56,639:INFO:Elastic Net Imported succesfully
2024-05-01 14:10:56,676:INFO:Cross validation set to False
2024-05-01 14:10:56,676:INFO:Fitting Model
2024-05-01 14:10:56,697:INFO:Initializing predict_model()
2024-05-01 14:10:56,697:INFO:predict_model(estimator=Pipeline(memory=None,
         steps=[('empty_step', 'passthrough'),
                ('actual_estimator',
                 ElasticNet(alpha=1.0, copy_X=True, fit_intercept=True,
                            l1_ratio=0.5, max_iter=1000, normalize=False,
                            positive=False, precompute=False, random_state=123,
                            selection='cyclic', tol=0.0001,
                            warm_start=False))],
         verbose=False), probability_threshold=None, encoded_labels=False, drift_report=False, raw_score=False, round=4, verbose=False, ml_usecase=None, display=None, drift_kwargs=None)
2024-05-01 14:10:56,697:INFO:Checking exceptions
2024-05-01 14:10:56,697:INFO:Preloading libraries
2024-05-01 14:10:56,842:INFO:display_container: 2
2024-05-01 14:10:56,842:INFO:ElasticNet(alpha=1.0, copy_X=True, fit_intercept=True, l1_ratio=0.5,
           max_iter=1000, normalize=False, positive=False, precompute=False,
           random_state=123, selection='cyclic', tol=0.0001, warm_start=False)
2024-05-01 14:10:56,842:INFO:create_models() succesfully completed......................................
2024-05-01 14:10:57,039:INFO:Initializing finalize_model()
2024-05-01 14:10:57,039:INFO:finalize_model(estimator=ElasticNet(alpha=1.0, copy_X=True, fit_intercept=True, l1_ratio=0.5,
           max_iter=1000, normalize=False, positive=False, precompute=False,
           random_state=123, selection='cyclic', tol=0.0001, warm_start=False), fit_kwargs=None, groups=None, model_only=True, display=None, experiment_custom_tags=None, return_train_score=False)
2024-05-01 14:10:57,047:INFO:Finalizing ElasticNet(alpha=1.0, copy_X=True, fit_intercept=True, l1_ratio=0.5,
           max_iter=1000, normalize=False, positive=False, precompute=False,
           random_state=123, selection='cyclic', tol=0.0001, warm_start=False)
2024-05-01 14:10:57,047:INFO:Initializing create_model()
2024-05-01 14:10:57,047:INFO:create_model(estimator=ElasticNet(alpha=1.0, copy_X=True, fit_intercept=True, l1_ratio=0.5,
           max_iter=1000, normalize=False, positive=False, precompute=False,
           random_state=123, selection='cyclic', tol=0.0001, warm_start=False), fold=None, round=4, cross_validation=True, predict=True, fit_kwargs={}, groups=None, refit=True, verbose=False, system=False, metrics=None, experiment_custom_tags=None, add_to_model_list=False, probability_threshold=None, display=None, return_train_score=False, kwargs={})
2024-05-01 14:10:57,047:INFO:Checking exceptions
2024-05-01 14:10:57,047:INFO:Importing libraries
2024-05-01 14:10:57,049:INFO:Copying training dataset
2024-05-01 14:10:57,049:INFO:Defining folds
2024-05-01 14:10:57,049:INFO:Declaring metric variables
2024-05-01 14:10:57,049:INFO:Importing untrained model
2024-05-01 14:10:57,049:INFO:Declaring custom model
2024-05-01 14:10:57,049:INFO:Elastic Net Imported succesfully
2024-05-01 14:10:57,049:INFO:Starting cross validation
2024-05-01 14:10:57,049:INFO:Cross validating with KFold(n_splits=10, random_state=None, shuffle=False), n_jobs=-1
2024-05-01 14:10:57,188:INFO:Calculating mean and std
2024-05-01 14:10:57,188:INFO:Creating metrics dataframe
2024-05-01 14:10:57,204:INFO:Finalizing model
2024-05-01 14:10:57,204:INFO:create_model_container: 0
2024-05-01 14:10:57,204:INFO:master_model_container: 0
2024-05-01 14:10:57,204:INFO:display_container: 3
2024-05-01 14:10:57,204:INFO:ElasticNet(alpha=1.0, copy_X=True, fit_intercept=True, l1_ratio=0.5,
           max_iter=1000, normalize=False, positive=False, precompute=False,
           random_state=123, selection='cyclic', tol=0.0001, warm_start=False)
2024-05-01 14:10:57,204:INFO:create_model() succesfully completed......................................
2024-05-01 14:10:57,299:INFO:create_model_container: 0
2024-05-01 14:10:57,300:INFO:master_model_container: 0
2024-05-01 14:10:57,300:INFO:display_container: 2
2024-05-01 14:10:57,300:INFO:ElasticNet(alpha=1.0, copy_X=True, fit_intercept=True, l1_ratio=0.5,
           max_iter=1000, normalize=False, positive=False, precompute=False,
           random_state=123, selection='cyclic', tol=0.0001, warm_start=False)
2024-05-01 14:10:57,300:INFO:finalize_model() succesfully completed......................................
2024-05-01 14:10:57,371:INFO:Initializing predict_model()
2024-05-01 14:10:57,371:INFO:predict_model(estimator=ElasticNet(alpha=1.0, copy_X=True, fit_intercept=True, l1_ratio=0.5,
           max_iter=1000, normalize=False, positive=False, precompute=False,
           random_state=123, selection='cyclic', tol=0.0001, warm_start=False), probability_threshold=None, encoded_labels=True, drift_report=False, raw_score=False, round=4, verbose=True, ml_usecase=MLUsecase.REGRESSION, display=None, drift_kwargs=None)
2024-05-01 14:10:57,371:INFO:Checking exceptions
2024-05-01 14:10:57,371:INFO:Preloading libraries
2024-05-01 14:10:57,371:INFO:Preparing display monitor
